Arguments: 
  /Users/taqtile/.nvm/versions/node/v10.16.0/bin/node /Users/taqtile/.nvm/versions/node/v10.16.0/bin/yarn add @styled-components

PATH: 
  /Users/taqtile/.rvm/gems/ruby-2.6.3/bin:/Users/taqtile/.rvm/gems/ruby-2.6.3@global/bin:/Users/taqtile/.rvm/rubies/ruby-2.6.3/bin:/Users/taqtile/.nvm/versions/node/v10.16.0/bin:/usr/local/bin:/usr/bin:/bin:/usr/sbin:/sbin:/Users/taqtile/.rvm/gems/ruby-2.6.3/bin:/Users/taqtile/.rvm/gems/ruby-2.6.3@global/bin:/Users/taqtile/.rvm/rubies/ruby-2.6.3/bin:/Users/taqtile/.nvm/versions/node/v10.16.0/bin:/Users/taqtile/Library/Android/sdk/emulator:/Users/taqtile/Library/Android/sdk/tools:/Users/taqtile/Library/Android/sdk/tools/bin:/Users/taqtile/Library/Android/sdk/platform-tools:/Users/taqtile/.rvm/bin:/Users/taqtile/Library/Android/sdk/emulator:/Users/taqtile/Library/Android/sdk/tools:/Users/taqtile/Library/Android/sdk/tools/bin:/Users/taqtile/Library/Android/sdk/platform-tools:/Users/taqtile/.rvm/bin

Yarn version: 
  1.19.1

Node version: 
  10.16.0

Platform: 
  darwin x64

Trace: 
  Error: https://registry.yarnpkg.com/@styled-components: Request "https://registry.yarnpkg.com/@styled-components" returned a 405
      at Request.params.callback [as _callback] (/Users/taqtile/.nvm/versions/node/v10.16.0/lib/node_modules/yarn/lib/cli.js:66935:18)
      at Request.self.callback (/Users/taqtile/.nvm/versions/node/v10.16.0/lib/node_modules/yarn/lib/cli.js:140564:22)
      at Request.emit (events.js:198:13)
      at Request.<anonymous> (/Users/taqtile/.nvm/versions/node/v10.16.0/lib/node_modules/yarn/lib/cli.js:141536:10)
      at Request.emit (events.js:198:13)
      at IncomingMessage.<anonymous> (/Users/taqtile/.nvm/versions/node/v10.16.0/lib/node_modules/yarn/lib/cli.js:141458:12)
      at Object.onceWrapper (events.js:286:20)
      at IncomingMessage.emit (events.js:203:15)
      at endReadableNT (_stream_readable.js:1129:12)
      at process._tickCallback (internal/process/next_tick.js:63:19)

npm manifest: 
  No manifest

yarn manifest: 
  No manifest

Lockfile: 
  # THIS IS AN AUTOGENERATED FILE. DO NOT EDIT THIS FILE DIRECTLY.
  # yarn lockfile v1
